{"logTime": "0618/153424", "correlationVector":"A3Ei3ipW95LCAAec07juih.1","action":"SyncServerConnectionManagerRequest", "result":"SYNC_SERVER_OK", "context":{"environment":"Prod_EastUS2_000e", "migrationStage":"NotStarted", "server":"GENERAL0100002O"}}
{"logTime": "0618/153424", "correlationVector":"ogKms8XA3quGVwnBV6pjpC","action":"SyncServerConnectionManagerRequest", "result":"SYNC_SERVER_OK", "context":{"environment":"", "migrationStage":"", "server":""}}
{"logTime": "0618/153424", "correlationVector":"A3Ei3ipW95LCAAec07juih","action":"Initial GetUpdates", "result":"", "context":Reason: NEW_CLIENT. cV=A3Ei3ipW95LCAAec07juih}
{"logTime": "0618/153424", "correlationVector":"A3Ei3ipW95LCAAec07juih.2","action":"GetUpdates Response", "result":"Success", "context":Received 1 update(s). cV=A3Ei3ipW95LCAAec07juih.0;server=GENERAL0100002O;cloudType=Consumer;environment=Prod_EastUS2_000e;migrationStage=NotStarted}
{"logTime": "0618/153424", "correlationVector":"6Z4G1/e3wDAO+kzUQD4oQp","action":"Initial GetUpdates", "result":"", "context":Reason: NEWLY_SUPPORTED_DATATYPE. cV=6Z4G1/e3wDAO+kzUQD4oQp}
{"logTime": "0618/153425", "correlationVector":"6Z4G1/e3wDAO+kzUQD4oQp.1","action":"SyncServerConnectionManagerRequest", "result":"SYNC_SERVER_OK", "context":{"environment":"Prod_EastUS2_000e", "migrationStage":"NotStarted", "server":"GENERAL01000035"}}
{"logTime": "0618/153425", "correlationVector":"6Z4G1/e3wDAO+kzUQD4oQp.2","action":"GetUpdates Response", "result":"Success", "context":Received 4 update(s). cV=6Z4G1/e3wDAO+kzUQD4oQp.0;server=GENERAL01000035;cloudType=Consumer;environment=Prod_EastUS2_000e;migrationStage=NotStarted}
{"logTime": "0618/153425", "correlationVector":"P5FedVF5JAwr8973q6wkF4","action":"Normal GetUpdate request", "result":"", "context":cV=P5FedVF5JAwr8973q6wkF4
Nudged types: Device Info, User Consents
Refresh requested types: Device Info, User Consents, Send Tab To Self, Encryption Keys}
{"logTime": "0618/153426", "correlationVector":"P5FedVF5JAwr8973q6wkF4.1","action":"SyncServerConnectionManagerRequest", "result":"SYNC_SERVER_OK", "context":{"environment":"Prod_EastUS2_000e", "migrationStage":"NotStarted", "server":"GENERAL0100001E"}}
{"logTime": "0618/153426", "correlationVector":"P5FedVF5JAwr8973q6wkF4.2","action":"GetUpdates Response", "result":"Success", "context":Received 0 update(s). cV=P5FedVF5JAwr8973q6wkF4.0;server=GENERAL0100001E;cloudType=Consumer;environment=Prod_EastUS2_000e;migrationStage=NotStarted}
{"logTime": "0618/153426", "correlationVector":"C7v/pSmNUaf55VXCvRNqQT","action":"Commit Request", "result":"", "context":Item count: 2
Contributing types: Device Info, User Consents}
{"logTime": "0618/153427", "correlationVector":"C7v/pSmNUaf55VXCvRNqQT.1","action":"SyncServerConnectionManagerRequest", "result":"SYNC_SERVER_OK", "context":{"environment":"Prod_EastUS2_000e", "migrationStage":"NotStarted", "server":"GENERAL0100001V"}}
{"logTime": "0618/153427", "correlationVector":"C7v/pSmNUaf55VXCvRNqQT.2","action":"Commit Response", "result":"Success", "context":Result: Success. cV=C7v/pSmNUaf55VXCvRNqQT.0;server=GENERAL0100001V;cloudType=Consumer;environment=Prod_EastUS2_000e;migrationStage=NotStarted}
{"logTime": "0618/153427", "correlationVector":"fKERfmNPlzN7Wd8nc9tLRJ","action":"Normal GetUpdate request", "result":"", "context":cV=fKERfmNPlzN7Wd8nc9tLRJ
Nudged types: Device Info}
{"logTime": "0618/153427", "correlationVector":"fKERfmNPlzN7Wd8nc9tLRJ.1","action":"SyncServerConnectionManagerRequest", "result":"SYNC_SERVER_OK", "context":{"environment":"Prod_EastUS2_000e", "migrationStage":"NotStarted", "server":"GENERAL0100002F"}}
{"logTime": "0618/153427", "correlationVector":"fKERfmNPlzN7Wd8nc9tLRJ.2","action":"GetUpdates Response", "result":"Success", "context":Received 1 update(s). cV=fKERfmNPlzN7Wd8nc9tLRJ.0;server=GENERAL0100002F;cloudType=Consumer;environment=Prod_EastUS2_000e;migrationStage=NotStarted}
